<?xml version="1.0" encoding="UTF-8"?>
<testsuite name="com.codingrecipe.member.MemberApplicationTests" tests="1" skipped="0" failures="0" errors="0" timestamp="2023-11-02T04:08:00" hostname="segeunsik.local" time="0.079">
  <properties/>
  <testcase name="contextLoads()" classname="com.codingrecipe.member.MemberApplicationTests" time="0.079"/>
  <system-out><![CDATA[13:07:58.453 [Test worker] DEBUG org.springframework.test.context.BootstrapUtils - Instantiating CacheAwareContextLoaderDelegate from class [org.springframework.test.context.cache.DefaultCacheAwareContextLoaderDelegate]
13:07:58.458 [Test worker] DEBUG org.springframework.test.context.BootstrapUtils - Instantiating BootstrapContext using constructor [public org.springframework.test.context.support.DefaultBootstrapContext(java.lang.Class,org.springframework.test.context.CacheAwareContextLoaderDelegate)]
13:07:58.472 [Test worker] DEBUG org.springframework.test.context.BootstrapUtils - Instantiating TestContextBootstrapper for test class [com.codingrecipe.member.MemberApplicationTests] from class [org.springframework.boot.test.context.SpringBootTestContextBootstrapper]
13:07:58.477 [Test worker] INFO org.springframework.boot.test.context.SpringBootTestContextBootstrapper - Neither @ContextConfiguration nor @ContextHierarchy found for test class [com.codingrecipe.member.MemberApplicationTests], using SpringBootContextLoader
13:07:58.479 [Test worker] DEBUG org.springframework.test.context.support.AbstractContextLoader - Did not detect default resource location for test class [com.codingrecipe.member.MemberApplicationTests]: class path resource [com/codingrecipe/member/MemberApplicationTests-context.xml] does not exist
13:07:58.479 [Test worker] DEBUG org.springframework.test.context.support.AbstractContextLoader - Did not detect default resource location for test class [com.codingrecipe.member.MemberApplicationTests]: class path resource [com/codingrecipe/member/MemberApplicationTestsContext.groovy] does not exist
13:07:58.479 [Test worker] INFO org.springframework.test.context.support.AbstractContextLoader - Could not detect default resource locations for test class [com.codingrecipe.member.MemberApplicationTests]: no resource found for suffixes {-context.xml, Context.groovy}.
13:07:58.479 [Test worker] INFO org.springframework.test.context.support.AnnotationConfigContextLoaderUtils - Could not detect default configuration classes for test class [com.codingrecipe.member.MemberApplicationTests]: MemberApplicationTests does not declare any static, non-private, non-final, nested classes annotated with @Configuration.
13:07:58.496 [Test worker] DEBUG org.springframework.test.context.support.ActiveProfilesUtils - Could not find an 'annotation declaring class' for annotation type [org.springframework.test.context.ActiveProfiles] and class [com.codingrecipe.member.MemberApplicationTests]
13:07:58.520 [Test worker] DEBUG org.springframework.context.annotation.ClassPathScanningCandidateComponentProvider - Identified candidate component class: file [/Users/yungeunsik/bumil/member_new-main/build/classes/java/main/com/codingrecipe/member/MemberApplication.class]
13:07:58.521 [Test worker] INFO org.springframework.boot.test.context.SpringBootTestContextBootstrapper - Found @SpringBootConfiguration com.codingrecipe.member.MemberApplication for test class com.codingrecipe.member.MemberApplicationTests
13:07:58.574 [Test worker] DEBUG org.springframework.boot.test.context.SpringBootTestContextBootstrapper - @TestExecutionListeners is not present for class [com.codingrecipe.member.MemberApplicationTests]: using defaults.
13:07:58.574 [Test worker] INFO org.springframework.boot.test.context.SpringBootTestContextBootstrapper - Loaded default TestExecutionListener class names from location [META-INF/spring.factories]: [org.springframework.boot.test.autoconfigure.restdocs.RestDocsTestExecutionListener, org.springframework.boot.test.autoconfigure.web.client.MockRestServiceServerResetTestExecutionListener, org.springframework.boot.test.autoconfigure.web.servlet.MockMvcPrintOnlyOnFailureTestExecutionListener, org.springframework.boot.test.autoconfigure.web.servlet.WebDriverTestExecutionListener, org.springframework.boot.test.autoconfigure.webservices.client.MockWebServiceServerTestExecutionListener, org.springframework.boot.test.mock.mockito.MockitoTestExecutionListener, org.springframework.boot.test.mock.mockito.ResetMocksTestExecutionListener, org.springframework.test.context.web.ServletTestExecutionListener, org.springframework.test.context.support.DirtiesContextBeforeModesTestExecutionListener, org.springframework.test.context.event.ApplicationEventsTestExecutionListener, org.springframework.test.context.support.DependencyInjectionTestExecutionListener, org.springframework.test.context.support.DirtiesContextTestExecutionListener, org.springframework.test.context.transaction.TransactionalTestExecutionListener, org.springframework.test.context.jdbc.SqlScriptsTestExecutionListener, org.springframework.test.context.event.EventPublishingTestExecutionListener]
13:07:58.582 [Test worker] INFO org.springframework.boot.test.context.SpringBootTestContextBootstrapper - Using TestExecutionListeners: [org.springframework.test.context.web.ServletTestExecutionListener@7a791b66, org.springframework.test.context.support.DirtiesContextBeforeModesTestExecutionListener@6f2cb653, org.springframework.test.context.event.ApplicationEventsTestExecutionListener@14c01636, org.springframework.boot.test.mock.mockito.MockitoTestExecutionListener@590c73d3, org.springframework.boot.test.autoconfigure.SpringBootDependencyInjectionTestExecutionListener@6b9ce1bf, org.springframework.test.context.support.DirtiesContextTestExecutionListener@61884cb1, org.springframework.test.context.transaction.TransactionalTestExecutionListener@75ed9710, org.springframework.test.context.jdbc.SqlScriptsTestExecutionListener@4fc5e095, org.springframework.test.context.event.EventPublishingTestExecutionListener@435871cb, org.springframework.boot.test.autoconfigure.restdocs.RestDocsTestExecutionListener@609640d5, org.springframework.boot.test.autoconfigure.web.client.MockRestServiceServerResetTestExecutionListener@79da1ec0, org.springframework.boot.test.autoconfigure.web.servlet.MockMvcPrintOnlyOnFailureTestExecutionListener@19fb8826, org.springframework.boot.test.autoconfigure.web.servlet.WebDriverTestExecutionListener@192d74fb, org.springframework.boot.test.autoconfigure.webservices.client.MockWebServiceServerTestExecutionListener@4bef0fe3, org.springframework.boot.test.mock.mockito.ResetMocksTestExecutionListener@62ea3440]
13:07:58.584 [Test worker] DEBUG org.springframework.test.context.support.AbstractDirtiesContextTestExecutionListener - Before test class: context [DefaultTestContext@3b956878 testClass = MemberApplicationTests, testInstance = [null], testMethod = [null], testException = [null], mergedContextConfiguration = [WebMergedContextConfiguration@36546a22 testClass = MemberApplicationTests, locations = '{}', classes = '{class com.codingrecipe.member.MemberApplication}', contextInitializerClasses = '[]', activeProfiles = '{}', propertySourceLocations = '{}', propertySourceProperties = '{org.springframework.boot.test.context.SpringBootTestContextBootstrapper=true}', contextCustomizers = set[org.springframework.boot.test.autoconfigure.actuate.metrics.MetricsExportContextCustomizerFactory$DisableMetricExportContextCustomizer@73d983ea, org.springframework.boot.test.autoconfigure.properties.PropertyMappingContextCustomizer@0, org.springframework.boot.test.autoconfigure.web.servlet.WebDriverContextCustomizerFactory$Customizer@c7ba306, org.springframework.boot.test.context.filter.ExcludeFilterContextCustomizer@6c4980d3, org.springframework.boot.test.json.DuplicateJsonObjectContextCustomizerFactory$DuplicateJsonObjectContextCustomizer@74bf1791, org.springframework.boot.test.mock.mockito.MockitoContextCustomizer@0, org.springframework.boot.test.web.client.TestRestTemplateContextCustomizer@62010f5c, org.springframework.boot.test.context.SpringBootTestArgs@1, org.springframework.boot.test.context.SpringBootTestWebEnvironment@ed7f8b4], resourceBasePath = 'src/main/webapp', contextLoader = 'org.springframework.boot.test.context.SpringBootContextLoader', parent = [null]], attributes = map['org.springframework.test.context.web.ServletTestExecutionListener.activateListener' -> true]], class annotated with @DirtiesContext [false] with mode [null].

  .   ____          _            __ _ _
 /\\ / ___'_ __ _ _(_)_ __  __ _ \ \ \ \
( ( )\___ | '_ | '_| | '_ \/ _` | \ \ \ \
 \\/  ___)| |_)| | | | | || (_| |  ) ) ) )
  '  |____| .__|_| |_|_| |_\__, | / / / /
 =========|_|==============|___/=/_/_/_/
 :: Spring Boot ::               (v2.6.13)

2023-11-02 13:07:58.871  INFO 2228 --- [    Test worker] c.c.member.MemberApplicationTests        : Starting MemberApplicationTests using Java 17.0.6 on segeunsik.local with PID 2228 (started by yungeunsik in /Users/yungeunsik/bumil/member_new-main)
2023-11-02 13:07:58.871  INFO 2228 --- [    Test worker] c.c.member.MemberApplicationTests        : No active profile set, falling back to 1 default profile: "default"
2023-11-02 13:07:59.145  INFO 2228 --- [    Test worker] .s.d.r.c.RepositoryConfigurationDelegate : Bootstrapping Spring Data JPA repositories in DEFAULT mode.
2023-11-02 13:07:59.170  INFO 2228 --- [    Test worker] .s.d.r.c.RepositoryConfigurationDelegate : Finished Spring Data repository scanning in 20 ms. Found 1 JPA repository interfaces.
2023-11-02 13:07:59.434  INFO 2228 --- [    Test worker] o.hibernate.jpa.internal.util.LogHelper  : HHH000204: Processing PersistenceUnitInfo [name: default]
2023-11-02 13:07:59.457  INFO 2228 --- [    Test worker] org.hibernate.Version                    : HHH000412: Hibernate ORM core version 5.6.12.Final
2023-11-02 13:07:59.528  INFO 2228 --- [    Test worker] o.hibernate.annotations.common.Version   : HCANN000001: Hibernate Commons Annotations {5.1.2.Final}
2023-11-02 13:07:59.570  INFO 2228 --- [    Test worker] com.zaxxer.hikari.HikariDataSource       : HikariPool-1 - Starting...
2023-11-02 13:07:59.743  INFO 2228 --- [    Test worker] com.zaxxer.hikari.HikariDataSource       : HikariPool-1 - Start completed.
2023-11-02 13:07:59.751  INFO 2228 --- [    Test worker] org.hibernate.dialect.Dialect            : HHH000400: Using dialect: org.hibernate.dialect.MySQL5InnoDBDialect
2023-11-02 13:07:59.996  INFO 2228 --- [    Test worker] o.h.e.t.j.p.i.JtaPlatformInitiator       : HHH000490: Using JtaPlatform implementation: [org.hibernate.engine.transaction.jta.platform.internal.NoJtaPlatform]
2023-11-02 13:08:00.000  INFO 2228 --- [    Test worker] j.LocalContainerEntityManagerFactoryBean : Initialized JPA EntityManagerFactory for persistence unit 'default'
2023-11-02 13:08:00.397  INFO 2228 --- [    Test worker] o.s.b.a.w.s.WelcomePageHandlerMapping    : Adding welcome page template: index
2023-11-02 13:08:00.540  INFO 2228 --- [    Test worker] c.c.member.MemberApplicationTests        : Started MemberApplicationTests in 1.938 seconds (JVM running for 2.402)
]]></system-out>
  <system-err><![CDATA[]]></system-err>
</testsuite>
